<html>
<head>
<title>TestNG:  Command line test</title>
<link href="../testng.css" rel="stylesheet" type="text/css" />
<link href="../my-testng.css" rel="stylesheet" type="text/css" />

<style type="text/css">
.log { display: none;} 
.stack-trace { display: none;} 
</style>
<script type="text/javascript">
<!--
function flip(e) {
  current = e.style.display;
  if (current == 'block') {
    e.style.display = 'none';
    return 0;
  }
  else {
    e.style.display = 'block';
    return 1;
  }
}

function toggleBox(szDivId, elem, msg1, msg2)
{
  var res = -1;  if (document.getElementById) {
    res = flip(document.getElementById(szDivId));
  }
  else if (document.all) {
    // this is the way old msie versions work
    res = flip(document.all[szDivId]);
  }
  if(elem) {
    if(res == 0) elem.innerHTML = msg1; else elem.innerHTML = msg2;
  }

}

function toggleAllBoxes() {
  if (document.getElementsByTagName) {
    d = document.getElementsByTagName('div');
    for (i = 0; i < d.length; i++) {
      if (d[i].className == 'log') {
        flip(d[i]);
      }
    }
  }
}

// -->
</script>

</head>
<body>
<h2 align='center'>Command line test</h2><table border='1' align="center">
<tr>
<td>Tests passed/Failed/Skipped:</td><td>11/1/0</td>
</tr><tr>
<td>Started on:</td><td>Wed May 11 15:03:39 IST 2016</td>
</tr>
<tr><td>Total time:</td><td>107 seconds (107125 ms)</td>
</tr><tr>
<td>Included groups:</td><td></td>
</tr><tr>
<td>Excluded groups:</td><td></td>
</tr>
</table><p/>
<small><i>(Hover the method name to see the test class name)</i></small><p/>
<table width='100%' border='1' class='invocation-failed'>
<tr><td colspan='4' align='center'><b>FAILED TESTS</b></td></tr>
<tr><td><b>Test method</b></td>
<td width="30%"><b>Exception</b></td>
<td width="10%"><b>Time (seconds)</b></td>
<td><b>Instance</b></td>
</tr>
<tr>
<td title='com.test.gurukul.GkPagesTest.GkAuthenticationPageTest.registerFromAuthPage()'><b>registerFromAuthPage</b><br>Test class: com.test.gurukul.GkPagesTest.GkAuthenticationPageTest</td>
<td><div><pre>java.lang.AssertionError: Element not found in the cache - perhaps the page has changed since it was looked up
Command duration or timeout: 10.10 seconds
For documentation on this error, please visit: http://seleniumhq.org/exceptions/stale_element_reference.html
Build info: version: &apos;2.53.0&apos;, revision: &apos;35ae25b1534ae328c771e0856c93e187490ca824&apos;, time: &apos;2016-03-15 10:43:46&apos;
System info: host: &apos;RPIPL2-DT-DV046&apos;, ip: &apos;10.13.167.22&apos;, os.name: &apos;Windows 7&apos;, os.arch: &apos;amd64&apos;, os.version: &apos;6.1&apos;, java.version: &apos;1.8.0_91&apos;
Driver info: org.openqa.selenium.firefox.FirefoxDriver
Capabilities [{applicationCacheEnabled=true, rotatable=false, handlesAlerts=true, databaseEnabled=true, version=35.0.1, platform=WINDOWS, nativeEvents=false, acceptSslCerts=true, webStorageEnabled=true, locationContextEnabled=true, browserName=firefox, takesScreenshot=true, javascriptEnabled=true, cssSelectorsEnabled=true}]
Session ID: 843b225c-45c7-4313-9f16-251431f1ecb8
	at com.test.gurukul.pages.GkLoginPage.gkNewRegistrationPage(GkLoginPage.java:51)
	at com.test.gurukul.GkPagesTest.GkAuthenticationPageTest.registerFromAuthPage(GkAuthenticationPageTest.java:47)
... Removed 35 stack frames</pre></div><a href='#' onClick='toggleBox("stack-trace93199773", this, "Click to show all stack frames", "Click to hide stack frames")'>Click to show all stack frames</a>
<div class='stack-trace' id='stack-trace93199773'><pre>java.lang.AssertionError: Element not found in the cache - perhaps the page has changed since it was looked up
Command duration or timeout: 10.10 seconds
For documentation on this error, please visit: http://seleniumhq.org/exceptions/stale_element_reference.html
Build info: version: &apos;2.53.0&apos;, revision: &apos;35ae25b1534ae328c771e0856c93e187490ca824&apos;, time: &apos;2016-03-15 10:43:46&apos;
System info: host: &apos;RPIPL2-DT-DV046&apos;, ip: &apos;10.13.167.22&apos;, os.name: &apos;Windows 7&apos;, os.arch: &apos;amd64&apos;, os.version: &apos;6.1&apos;, java.version: &apos;1.8.0_91&apos;
Driver info: org.openqa.selenium.firefox.FirefoxDriver
Capabilities [{applicationCacheEnabled=true, rotatable=false, handlesAlerts=true, databaseEnabled=true, version=35.0.1, platform=WINDOWS, nativeEvents=false, acceptSslCerts=true, webStorageEnabled=true, locationContextEnabled=true, browserName=firefox, takesScreenshot=true, javascriptEnabled=true, cssSelectorsEnabled=true}]
Session ID: 843b225c-45c7-4313-9f16-251431f1ecb8
	at org.testng.Assert.fail(Assert.java:94)
	at com.test.gurukul.pages.GkLoginPage.gkNewRegistrationPage(GkLoginPage.java:51)
	at com.test.gurukul.GkPagesTest.GkAuthenticationPageTest.registerFromAuthPage(GkAuthenticationPageTest.java:47)
	at sun.reflect.NativeMethodAccessorImpl.invoke0(Native Method)
	at sun.reflect.NativeMethodAccessorImpl.invoke(NativeMethodAccessorImpl.java:62)
	at sun.reflect.DelegatingMethodAccessorImpl.invoke(DelegatingMethodAccessorImpl.java:43)
	at java.lang.reflect.Method.invoke(Method.java:498)
	at org.testng.internal.MethodInvocationHelper.invokeMethod(MethodInvocationHelper.java:84)
	at org.testng.internal.Invoker.invokeMethod(Invoker.java:714)
	at org.testng.internal.Invoker.invokeTestMethod(Invoker.java:901)
	at org.testng.internal.Invoker.invokeTestMethods(Invoker.java:1231)
	at org.testng.internal.TestMethodWorker.invokeTestMethods(TestMethodWorker.java:127)
	at org.testng.internal.TestMethodWorker.run(TestMethodWorker.java:111)
	at org.testng.TestRunner.privateRun(TestRunner.java:767)
	at org.testng.TestRunner.run(TestRunner.java:617)
	at org.testng.SuiteRunner.runTest(SuiteRunner.java:348)
	at org.testng.SuiteRunner.runSequentially(SuiteRunner.java:343)
	at org.testng.SuiteRunner.privateRun(SuiteRunner.java:305)
	at org.testng.SuiteRunner.run(SuiteRunner.java:254)
	at org.testng.SuiteRunnerWorker.runSuite(SuiteRunnerWorker.java:52)
	at org.testng.SuiteRunnerWorker.run(SuiteRunnerWorker.java:86)
	at org.testng.TestNG.runSuitesSequentially(TestNG.java:1224)
	at org.testng.TestNG.runSuitesLocally(TestNG.java:1149)
	at org.testng.TestNG.run(TestNG.java:1057)
	at org.apache.maven.surefire.testng.TestNGExecutor.run(TestNGExecutor.java:77)
	at org.apache.maven.surefire.testng.TestNGDirectoryTestSuite.executeMulti(TestNGDirectoryTestSuite.java:159)
	at org.apache.maven.surefire.testng.TestNGDirectoryTestSuite.execute(TestNGDirectoryTestSuite.java:99)
	at org.apache.maven.surefire.testng.TestNGProvider.invoke(TestNGProvider.java:106)
	at sun.reflect.NativeMethodAccessorImpl.invoke0(Native Method)
	at sun.reflect.NativeMethodAccessorImpl.invoke(NativeMethodAccessorImpl.java:62)
	at sun.reflect.DelegatingMethodAccessorImpl.invoke(DelegatingMethodAccessorImpl.java:43)
	at java.lang.reflect.Method.invoke(Method.java:498)
	at org.apache.maven.surefire.util.ReflectionUtils.invokeMethodWithArray(ReflectionUtils.java:189)
	at org.apache.maven.surefire.booter.ProviderFactory$ProviderProxy.invoke(ProviderFactory.java:165)
	at org.apache.maven.surefire.booter.ProviderFactory.invokeProvider(ProviderFactory.java:85)
	at org.apache.maven.surefire.booter.ForkedBooter.runSuitesInProcess(ForkedBooter.java:115)
	at org.apache.maven.surefire.booter.ForkedBooter.main(ForkedBooter.java:75)
</pre></div></td>
<td>10</td>
<td>com.test.gurukul.GkPagesTest.GkAuthenticationPageTest@396a51ab</td></tr>
</table><p>
<table width='100%' border='1' class='invocation-passed'>
<tr><td colspan='4' align='center'><b>PASSED TESTS</b></td></tr>
<tr><td><b>Test method</b></td>
<td width="30%"><b>Exception</b></td>
<td width="10%"><b>Time (seconds)</b></td>
<td><b>Instance</b></td>
</tr>
<tr>
<td title='com.test.gurukul.GkPagesTest.GkAuthenticationPageTest.forgotPassword()'><b>forgotPassword</b><br>Test class: com.test.gurukul.GkPagesTest.GkAuthenticationPageTest</td>
<td></td>
<td>0</td>
<td>com.test.gurukul.GkPagesTest.GkAuthenticationPageTest@396a51ab</td></tr>
<tr>
<td title='com.test.gurukul.GkPagesTest.GkAuthenticationPageTest.invalidCredential()'><b>invalidCredential</b><br>Test class: com.test.gurukul.GkPagesTest.GkAuthenticationPageTest<br>Parameters:  ,  </td>
<td></td>
<td>1</td>
<td>com.test.gurukul.GkPagesTest.GkAuthenticationPageTest@396a51ab</td></tr>
<tr>
<td title='com.test.gurukul.GkPagesTest.GkAuthenticationPageTest.invalidCredential()'><b>invalidCredential</b><br>Test class: com.test.gurukul.GkPagesTest.GkAuthenticationPageTest<br>Parameters: admin,  </td>
<td></td>
<td>1</td>
<td>com.test.gurukul.GkPagesTest.GkAuthenticationPageTest@396a51ab</td></tr>
<tr>
<td title='com.test.gurukul.GkPagesTest.GkAuthenticationPageTest.invalidCredential()'><b>invalidCredential</b><br>Test class: com.test.gurukul.GkPagesTest.GkAuthenticationPageTest<br>Parameters:  , admin</td>
<td></td>
<td>0</td>
<td>com.test.gurukul.GkPagesTest.GkAuthenticationPageTest@396a51ab</td></tr>
<tr>
<td title='com.test.gurukul.GkPagesTest.GkAuthenticationPageTest.invalidCredential()'><b>invalidCredential</b><br>Test class: com.test.gurukul.GkPagesTest.GkAuthenticationPageTest<br>Parameters: xyz, admin</td>
<td></td>
<td>1</td>
<td>com.test.gurukul.GkPagesTest.GkAuthenticationPageTest@396a51ab</td></tr>
<tr>
<td title='com.test.gurukul.GkPagesTest.GkAuthenticationPageTest.invalidCredential()'><b>invalidCredential</b><br>Test class: com.test.gurukul.GkPagesTest.GkAuthenticationPageTest<br>Parameters: admin, xyz</td>
<td></td>
<td>1</td>
<td>com.test.gurukul.GkPagesTest.GkAuthenticationPageTest@396a51ab</td></tr>
<tr>
<td title='com.test.gurukul.GkPagesTest.GkLoginPageTest.registerNewAccount()'><b>registerNewAccount</b><br>Test class: com.test.gurukul.GkPagesTest.GkLoginPageTest</td>
<td></td>
<td>0</td>
<td>com.test.gurukul.GkPagesTest.GkLoginPageTest@20e2cbe0</td></tr>
<tr>
<td title='com.test.gurukul.GkPagesTest.GkLoginPageTest.testGkLogo()'><b>testGkLogo</b><br>Test class: com.test.gurukul.GkPagesTest.GkLoginPageTest</td>
<td></td>
<td>0</td>
<td>com.test.gurukul.GkPagesTest.GkLoginPageTest@20e2cbe0</td></tr>
<tr>
<td title='com.test.gurukul.GkPagesTest.GkLoginPageTest.testGkWelcomeMessage()'><b>testGkWelcomeMessage</b><br>Test class: com.test.gurukul.GkPagesTest.GkLoginPageTest</td>
<td></td>
<td>0</td>
<td>com.test.gurukul.GkPagesTest.GkLoginPageTest@20e2cbe0</td></tr>
<tr>
<td title='com.test.gurukul.GkPagesTest.GkLoginPageTest.testLoginLink()'><b>testLoginLink</b><br>Test class: com.test.gurukul.GkPagesTest.GkLoginPageTest</td>
<td></td>
<td>0</td>
<td>com.test.gurukul.GkPagesTest.GkLoginPageTest@20e2cbe0</td></tr>
<tr>
<td title='com.test.gurukul.GkPagesTest.GkAuthenticationPageTest.validUserLogin()'><b>validUserLogin</b><br>Test class: com.test.gurukul.GkPagesTest.GkAuthenticationPageTest</td>
<td></td>
<td>1</td>
<td>com.test.gurukul.GkPagesTest.GkAuthenticationPageTest@396a51ab</td></tr>
</table><p>
</body>
</html>