<?xml version="1.0" encoding="UTF-8"?>
<!-- Generated by org.testng.reporters.JUnitXMLReporter -->
<testsuite hostname="RPIPL2-DT-DV046" name="Command line test" tests="12" failures="1" timestamp="11 May 2016 09:35:26 GMT" time="107.125" errors="0">
  <testcase name="forgotPassword" time="0.487" classname="com.test.gurukul.GkPagesTest.GkAuthenticationPageTest"/>
  <testcase name="invalidCredential" time="1.096" classname="com.test.gurukul.GkPagesTest.GkAuthenticationPageTest"/>
  <testcase name="invalidCredential" time="1.391" classname="com.test.gurukul.GkPagesTest.GkAuthenticationPageTest"/>
  <testcase name="invalidCredential" time="0.643" classname="com.test.gurukul.GkPagesTest.GkAuthenticationPageTest"/>
  <testcase name="invalidCredential" time="1.057" classname="com.test.gurukul.GkPagesTest.GkAuthenticationPageTest"/>
  <testcase name="invalidCredential" time="1.139" classname="com.test.gurukul.GkPagesTest.GkAuthenticationPageTest"/>
  <testcase name="registerFromAuthPage" time="10.275" classname="com.test.gurukul.GkPagesTest.GkAuthenticationPageTest">
    <failure type="java.lang.AssertionError" message="Element not found in the cache - perhaps the page has changed since it was looked up
Command duration or timeout: 10.10 seconds
For documentation on this error, please visit: http://seleniumhq.org/exceptions/stale_element_reference.html
Build info: version: &amp;apos;2.53.0&amp;apos;, revision: &amp;apos;35ae25b1534ae328c771e0856c93e187490ca824&amp;apos;, time: &amp;apos;2016-03-15 10:43:46&amp;apos;
System info: host: &amp;apos;RPIPL2-DT-DV046&amp;apos;, ip: &amp;apos;10.13.167.22&amp;apos;, os.name: &amp;apos;Windows 7&amp;apos;, os.arch: &amp;apos;amd64&amp;apos;, os.version: &amp;apos;6.1&amp;apos;, java.version: &amp;apos;1.8.0_91&amp;apos;
Driver info: org.openqa.selenium.firefox.FirefoxDriver
Capabilities [{applicationCacheEnabled=true, rotatable=false, handlesAlerts=true, databaseEnabled=true, version=35.0.1, platform=WINDOWS, nativeEvents=false, acceptSslCerts=true, webStorageEnabled=true, locationContextEnabled=true, browserName=firefox, takesScreenshot=true, javascriptEnabled=true, cssSelectorsEnabled=true}]
Session ID: 843b225c-45c7-4313-9f16-251431f1ecb8">
      <![CDATA[java.lang.AssertionError: Element not found in the cache - perhaps the page has changed since it was looked up
Command duration or timeout: 10.10 seconds
For documentation on this error, please visit: http://seleniumhq.org/exceptions/stale_element_reference.html
Build info: version: '2.53.0', revision: '35ae25b1534ae328c771e0856c93e187490ca824', time: '2016-03-15 10:43:46'
System info: host: 'RPIPL2-DT-DV046', ip: '10.13.167.22', os.name: 'Windows 7', os.arch: 'amd64', os.version: '6.1', java.version: '1.8.0_91'
Driver info: org.openqa.selenium.firefox.FirefoxDriver
Capabilities [{applicationCacheEnabled=true, rotatable=false, handlesAlerts=true, databaseEnabled=true, version=35.0.1, platform=WINDOWS, nativeEvents=false, acceptSslCerts=true, webStorageEnabled=true, locationContextEnabled=true, browserName=firefox, takesScreenshot=true, javascriptEnabled=true, cssSelectorsEnabled=true}]
Session ID: 843b225c-45c7-4313-9f16-251431f1ecb8
	at com.test.gurukul.pages.GkLoginPage.gkNewRegistrationPage(GkLoginPage.java:51)
	at com.test.gurukul.GkPagesTest.GkAuthenticationPageTest.registerFromAuthPage(GkAuthenticationPageTest.java:47)
... Removed 35 stack frames]]>
    </failure>
  </testcase> <!-- registerFromAuthPage -->
  <testcase name="validUserLogin" time="1.726" classname="com.test.gurukul.GkPagesTest.GkAuthenticationPageTest"/>
  <testcase name="registerNewAccount" time="0.379" classname="com.test.gurukul.GkPagesTest.GkLoginPageTest"/>
  <testcase name="testGkLogo" time="0.074" classname="com.test.gurukul.GkPagesTest.GkLoginPageTest"/>
  <testcase name="testGkWelcomeMessage" time="0.077" classname="com.test.gurukul.GkPagesTest.GkLoginPageTest"/>
  <testcase name="testLoginLink" time="0.364" classname="com.test.gurukul.GkPagesTest.GkLoginPageTest"/>
</testsuite> <!-- Command line test -->
