<?xml version="1.0" encoding="UTF-8"?>
<testng-results skipped="0" failed="1" total="12" passed="11">
  <reporter-output>
  </reporter-output>
  <suite name="Command line suite" duration-ms="107125" started-at="2016-05-11T09:33:39Z" finished-at="2016-05-11T09:35:26Z">
    <groups>
    </groups>
    <test name="Command line test" duration-ms="107125" started-at="2016-05-11T09:33:39Z" finished-at="2016-05-11T09:35:26Z">
      <class name="com.test.gurukul.GkPagesTest.GkAuthenticationPageTest">
        <test-method status="PASS" signature="setUp()[pri:0, instance:com.test.gurukul.GkPagesTest.GkAuthenticationPageTest@396a51ab]" name="setUp" is-config="true" duration-ms="8174" started-at="2016-05-11T15:03:39Z" finished-at="2016-05-11T15:03:47Z">
          <reporter-output>
          </reporter-output>
        </test-method> <!-- setUp -->
        <test-method status="PASS" signature="mySetup()[pri:0, instance:com.test.gurukul.GkPagesTest.GkAuthenticationPageTest@396a51ab]" name="mySetup" is-config="true" duration-ms="665" started-at="2016-05-11T15:03:47Z" finished-at="2016-05-11T15:03:48Z">
          <reporter-output>
          </reporter-output>
        </test-method> <!-- mySetup -->
        <test-method status="PASS" signature="forgotPassword()[pri:0, instance:com.test.gurukul.GkPagesTest.GkAuthenticationPageTest@396a51ab]" name="forgotPassword" duration-ms="487" started-at="2016-05-11T15:03:48Z" finished-at="2016-05-11T15:03:48Z">
          <reporter-output>
          </reporter-output>
        </test-method> <!-- forgotPassword -->
        <test-method status="PASS" signature="takeScreenShotOnFailure(org.testng.ITestResult)[pri:0, instance:com.test.gurukul.GkPagesTest.GkAuthenticationPageTest@396a51ab]" name="takeScreenShotOnFailure" is-config="true" duration-ms="480" started-at="2016-05-11T15:03:48Z" finished-at="2016-05-11T15:03:49Z">
          <params>
            <param index="0">
              <value>
                <![CDATA[[TestResult name=forgotPassword status=SUCCESS method=GkAuthenticationPageTest.forgotPassword()[pri:0, instance:com.test.gurukul.GkPagesTest.GkAuthenticationPageTest@396a51ab] output={null}]]]>
              </value>
            </param>
          </params>
          <reporter-output>
          </reporter-output>
        </test-method> <!-- takeScreenShotOnFailure -->
        <test-method status="PASS" signature="setUp()[pri:0, instance:com.test.gurukul.GkPagesTest.GkAuthenticationPageTest@396a51ab]" name="setUp" is-config="true" duration-ms="7618" started-at="2016-05-11T15:03:49Z" finished-at="2016-05-11T15:03:56Z">
          <reporter-output>
          </reporter-output>
        </test-method> <!-- setUp -->
        <test-method status="PASS" signature="mySetup()[pri:0, instance:com.test.gurukul.GkPagesTest.GkAuthenticationPageTest@396a51ab]" name="mySetup" is-config="true" duration-ms="265" started-at="2016-05-11T15:03:56Z" finished-at="2016-05-11T15:03:57Z">
          <reporter-output>
          </reporter-output>
        </test-method> <!-- mySetup -->
        <test-method status="PASS" signature="invalidCredential(java.lang.String, java.lang.String)[pri:0, instance:com.test.gurukul.GkPagesTest.GkAuthenticationPageTest@396a51ab]" name="invalidCredential" duration-ms="1096" started-at="2016-05-11T15:03:57Z" data-provider="test1" finished-at="2016-05-11T15:03:58Z">
          <params>
            <param index="0">
              <value>
                <![CDATA[ ]]>
              </value>
            </param>
            <param index="1">
              <value>
                <![CDATA[ ]]>
              </value>
            </param>
          </params>
          <reporter-output>
          </reporter-output>
        </test-method> <!-- invalidCredential -->
        <test-method status="PASS" signature="takeScreenShotOnFailure(org.testng.ITestResult)[pri:0, instance:com.test.gurukul.GkPagesTest.GkAuthenticationPageTest@396a51ab]" name="takeScreenShotOnFailure" is-config="true" duration-ms="273" started-at="2016-05-11T15:03:58Z" finished-at="2016-05-11T15:03:58Z">
          <params>
            <param index="0">
              <value>
                <![CDATA[[TestResult name=invalidCredential status=SUCCESS method=GkAuthenticationPageTest.invalidCredential(java.lang.String, java.lang.String)[pri:0, instance:com.test.gurukul.GkPagesTest.GkAuthenticationPageTest@396a51ab] output={null}]]]>
              </value>
            </param>
          </params>
          <reporter-output>
          </reporter-output>
        </test-method> <!-- takeScreenShotOnFailure -->
        <test-method status="PASS" signature="setUp()[pri:0, instance:com.test.gurukul.GkPagesTest.GkAuthenticationPageTest@396a51ab]" name="setUp" is-config="true" duration-ms="6981" started-at="2016-05-11T15:03:58Z" finished-at="2016-05-11T15:04:05Z">
          <reporter-output>
          </reporter-output>
        </test-method> <!-- setUp -->
        <test-method status="PASS" signature="mySetup()[pri:0, instance:com.test.gurukul.GkPagesTest.GkAuthenticationPageTest@396a51ab]" name="mySetup" is-config="true" duration-ms="173" started-at="2016-05-11T15:04:05Z" finished-at="2016-05-11T15:04:05Z">
          <reporter-output>
          </reporter-output>
        </test-method> <!-- mySetup -->
        <test-method status="PASS" signature="invalidCredential(java.lang.String, java.lang.String)[pri:0, instance:com.test.gurukul.GkPagesTest.GkAuthenticationPageTest@396a51ab]" name="invalidCredential" duration-ms="1391" started-at="2016-05-11T15:04:05Z" data-provider="test1" finished-at="2016-05-11T15:04:06Z">
          <params>
            <param index="0">
              <value>
                <![CDATA[admin]]>
              </value>
            </param>
            <param index="1">
              <value>
                <![CDATA[ ]]>
              </value>
            </param>
          </params>
          <reporter-output>
          </reporter-output>
        </test-method> <!-- invalidCredential -->
        <test-method status="PASS" signature="takeScreenShotOnFailure(org.testng.ITestResult)[pri:0, instance:com.test.gurukul.GkPagesTest.GkAuthenticationPageTest@396a51ab]" name="takeScreenShotOnFailure" is-config="true" duration-ms="277" started-at="2016-05-11T15:04:06Z" finished-at="2016-05-11T15:04:07Z">
          <params>
            <param index="0">
              <value>
                <![CDATA[[TestResult name=invalidCredential status=SUCCESS method=GkAuthenticationPageTest.invalidCredential(java.lang.String, java.lang.String)[pri:0, instance:com.test.gurukul.GkPagesTest.GkAuthenticationPageTest@396a51ab] output={null}]]]>
              </value>
            </param>
          </params>
          <reporter-output>
          </reporter-output>
        </test-method> <!-- takeScreenShotOnFailure -->
        <test-method status="PASS" signature="setUp()[pri:0, instance:com.test.gurukul.GkPagesTest.GkAuthenticationPageTest@396a51ab]" name="setUp" is-config="true" duration-ms="6638" started-at="2016-05-11T15:04:07Z" finished-at="2016-05-11T15:04:13Z">
          <reporter-output>
          </reporter-output>
        </test-method> <!-- setUp -->
        <test-method status="PASS" signature="mySetup()[pri:0, instance:com.test.gurukul.GkPagesTest.GkAuthenticationPageTest@396a51ab]" name="mySetup" is-config="true" duration-ms="170" started-at="2016-05-11T15:04:13Z" finished-at="2016-05-11T15:04:14Z">
          <reporter-output>
          </reporter-output>
        </test-method> <!-- mySetup -->
        <test-method status="PASS" signature="invalidCredential(java.lang.String, java.lang.String)[pri:0, instance:com.test.gurukul.GkPagesTest.GkAuthenticationPageTest@396a51ab]" name="invalidCredential" duration-ms="643" started-at="2016-05-11T15:04:14Z" data-provider="test1" finished-at="2016-05-11T15:04:14Z">
          <params>
            <param index="0">
              <value>
                <![CDATA[ ]]>
              </value>
            </param>
            <param index="1">
              <value>
                <![CDATA[admin]]>
              </value>
            </param>
          </params>
          <reporter-output>
          </reporter-output>
        </test-method> <!-- invalidCredential -->
        <test-method status="PASS" signature="takeScreenShotOnFailure(org.testng.ITestResult)[pri:0, instance:com.test.gurukul.GkPagesTest.GkAuthenticationPageTest@396a51ab]" name="takeScreenShotOnFailure" is-config="true" duration-ms="279" started-at="2016-05-11T15:04:14Z" finished-at="2016-05-11T15:04:14Z">
          <params>
            <param index="0">
              <value>
                <![CDATA[[TestResult name=invalidCredential status=SUCCESS method=GkAuthenticationPageTest.invalidCredential(java.lang.String, java.lang.String)[pri:0, instance:com.test.gurukul.GkPagesTest.GkAuthenticationPageTest@396a51ab] output={null}]]]>
              </value>
            </param>
          </params>
          <reporter-output>
          </reporter-output>
        </test-method> <!-- takeScreenShotOnFailure -->
        <test-method status="PASS" signature="setUp()[pri:0, instance:com.test.gurukul.GkPagesTest.GkAuthenticationPageTest@396a51ab]" name="setUp" is-config="true" duration-ms="6523" started-at="2016-05-11T15:04:14Z" finished-at="2016-05-11T15:04:21Z">
          <reporter-output>
          </reporter-output>
        </test-method> <!-- setUp -->
        <test-method status="PASS" signature="mySetup()[pri:0, instance:com.test.gurukul.GkPagesTest.GkAuthenticationPageTest@396a51ab]" name="mySetup" is-config="true" duration-ms="185" started-at="2016-05-11T15:04:21Z" finished-at="2016-05-11T15:04:21Z">
          <reporter-output>
          </reporter-output>
        </test-method> <!-- mySetup -->
        <test-method status="PASS" signature="invalidCredential(java.lang.String, java.lang.String)[pri:0, instance:com.test.gurukul.GkPagesTest.GkAuthenticationPageTest@396a51ab]" name="invalidCredential" duration-ms="1057" started-at="2016-05-11T15:04:21Z" data-provider="test1" finished-at="2016-05-11T15:04:22Z">
          <params>
            <param index="0">
              <value>
                <![CDATA[xyz]]>
              </value>
            </param>
            <param index="1">
              <value>
                <![CDATA[admin]]>
              </value>
            </param>
          </params>
          <reporter-output>
          </reporter-output>
        </test-method> <!-- invalidCredential -->
        <test-method status="PASS" signature="takeScreenShotOnFailure(org.testng.ITestResult)[pri:0, instance:com.test.gurukul.GkPagesTest.GkAuthenticationPageTest@396a51ab]" name="takeScreenShotOnFailure" is-config="true" duration-ms="236" started-at="2016-05-11T15:04:22Z" finished-at="2016-05-11T15:04:22Z">
          <params>
            <param index="0">
              <value>
                <![CDATA[[TestResult name=invalidCredential status=SUCCESS method=GkAuthenticationPageTest.invalidCredential(java.lang.String, java.lang.String)[pri:0, instance:com.test.gurukul.GkPagesTest.GkAuthenticationPageTest@396a51ab] output={null}]]]>
              </value>
            </param>
          </params>
          <reporter-output>
          </reporter-output>
        </test-method> <!-- takeScreenShotOnFailure -->
        <test-method status="PASS" signature="setUp()[pri:0, instance:com.test.gurukul.GkPagesTest.GkAuthenticationPageTest@396a51ab]" name="setUp" is-config="true" duration-ms="6404" started-at="2016-05-11T15:04:22Z" finished-at="2016-05-11T15:04:29Z">
          <reporter-output>
          </reporter-output>
        </test-method> <!-- setUp -->
        <test-method status="PASS" signature="mySetup()[pri:0, instance:com.test.gurukul.GkPagesTest.GkAuthenticationPageTest@396a51ab]" name="mySetup" is-config="true" duration-ms="263" started-at="2016-05-11T15:04:29Z" finished-at="2016-05-11T15:04:29Z">
          <reporter-output>
          </reporter-output>
        </test-method> <!-- mySetup -->
        <test-method status="PASS" signature="invalidCredential(java.lang.String, java.lang.String)[pri:0, instance:com.test.gurukul.GkPagesTest.GkAuthenticationPageTest@396a51ab]" name="invalidCredential" duration-ms="1139" started-at="2016-05-11T15:04:29Z" data-provider="test1" finished-at="2016-05-11T15:04:30Z">
          <params>
            <param index="0">
              <value>
                <![CDATA[admin]]>
              </value>
            </param>
            <param index="1">
              <value>
                <![CDATA[xyz]]>
              </value>
            </param>
          </params>
          <reporter-output>
          </reporter-output>
        </test-method> <!-- invalidCredential -->
        <test-method status="PASS" signature="takeScreenShotOnFailure(org.testng.ITestResult)[pri:0, instance:com.test.gurukul.GkPagesTest.GkAuthenticationPageTest@396a51ab]" name="takeScreenShotOnFailure" is-config="true" duration-ms="237" started-at="2016-05-11T15:04:30Z" finished-at="2016-05-11T15:04:31Z">
          <params>
            <param index="0">
              <value>
                <![CDATA[[TestResult name=invalidCredential status=SUCCESS method=GkAuthenticationPageTest.invalidCredential(java.lang.String, java.lang.String)[pri:0, instance:com.test.gurukul.GkPagesTest.GkAuthenticationPageTest@396a51ab] output={null}]]]>
              </value>
            </param>
          </params>
          <reporter-output>
          </reporter-output>
        </test-method> <!-- takeScreenShotOnFailure -->
        <test-method status="PASS" signature="setUp()[pri:0, instance:com.test.gurukul.GkPagesTest.GkAuthenticationPageTest@396a51ab]" name="setUp" is-config="true" duration-ms="5949" started-at="2016-05-11T15:04:31Z" finished-at="2016-05-11T15:04:36Z">
          <reporter-output>
          </reporter-output>
        </test-method> <!-- setUp -->
        <test-method status="PASS" signature="mySetup()[pri:0, instance:com.test.gurukul.GkPagesTest.GkAuthenticationPageTest@396a51ab]" name="mySetup" is-config="true" duration-ms="227" started-at="2016-05-11T15:04:36Z" finished-at="2016-05-11T15:04:37Z">
          <reporter-output>
          </reporter-output>
        </test-method> <!-- mySetup -->
        <test-method status="FAIL" signature="registerFromAuthPage()[pri:0, instance:com.test.gurukul.GkPagesTest.GkAuthenticationPageTest@396a51ab]" name="registerFromAuthPage" duration-ms="10275" started-at="2016-05-11T15:04:37Z" finished-at="2016-05-11T15:04:47Z">
          <exception class="java.lang.AssertionError">
            <message>
              <![CDATA[Element not found in the cache - perhaps the page has changed since it was looked up
Command duration or timeout: 10.10 seconds
For documentation on this error, please visit: http://seleniumhq.org/exceptions/stale_element_reference.html
Build info: version: '2.53.0', revision: '35ae25b1534ae328c771e0856c93e187490ca824', time: '2016-03-15 10:43:46'
System info: host: 'RPIPL2-DT-DV046', ip: '10.13.167.22', os.name: 'Windows 7', os.arch: 'amd64', os.version: '6.1', java.version: '1.8.0_91'
Driver info: org.openqa.selenium.firefox.FirefoxDriver
Capabilities [{applicationCacheEnabled=true, rotatable=false, handlesAlerts=true, databaseEnabled=true, version=35.0.1, platform=WINDOWS, nativeEvents=false, acceptSslCerts=true, webStorageEnabled=true, locationContextEnabled=true, browserName=firefox, takesScreenshot=true, javascriptEnabled=true, cssSelectorsEnabled=true}]
Session ID: 843b225c-45c7-4313-9f16-251431f1ecb8]]>
            </message>
            <full-stacktrace>
              <![CDATA[java.lang.AssertionError: Element not found in the cache - perhaps the page has changed since it was looked up
Command duration or timeout: 10.10 seconds
For documentation on this error, please visit: http://seleniumhq.org/exceptions/stale_element_reference.html
Build info: version: '2.53.0', revision: '35ae25b1534ae328c771e0856c93e187490ca824', time: '2016-03-15 10:43:46'
System info: host: 'RPIPL2-DT-DV046', ip: '10.13.167.22', os.name: 'Windows 7', os.arch: 'amd64', os.version: '6.1', java.version: '1.8.0_91'
Driver info: org.openqa.selenium.firefox.FirefoxDriver
Capabilities [{applicationCacheEnabled=true, rotatable=false, handlesAlerts=true, databaseEnabled=true, version=35.0.1, platform=WINDOWS, nativeEvents=false, acceptSslCerts=true, webStorageEnabled=true, locationContextEnabled=true, browserName=firefox, takesScreenshot=true, javascriptEnabled=true, cssSelectorsEnabled=true}]
Session ID: 843b225c-45c7-4313-9f16-251431f1ecb8
	at org.testng.Assert.fail(Assert.java:94)
	at com.test.gurukul.pages.GkLoginPage.gkNewRegistrationPage(GkLoginPage.java:51)
	at com.test.gurukul.GkPagesTest.GkAuthenticationPageTest.registerFromAuthPage(GkAuthenticationPageTest.java:47)
	at sun.reflect.NativeMethodAccessorImpl.invoke0(Native Method)
	at sun.reflect.NativeMethodAccessorImpl.invoke(NativeMethodAccessorImpl.java:62)
	at sun.reflect.DelegatingMethodAccessorImpl.invoke(DelegatingMethodAccessorImpl.java:43)
	at java.lang.reflect.Method.invoke(Method.java:498)
	at org.testng.internal.MethodInvocationHelper.invokeMethod(MethodInvocationHelper.java:84)
	at org.testng.internal.Invoker.invokeMethod(Invoker.java:714)
	at org.testng.internal.Invoker.invokeTestMethod(Invoker.java:901)
	at org.testng.internal.Invoker.invokeTestMethods(Invoker.java:1231)
	at org.testng.internal.TestMethodWorker.invokeTestMethods(TestMethodWorker.java:127)
	at org.testng.internal.TestMethodWorker.run(TestMethodWorker.java:111)
	at org.testng.TestRunner.privateRun(TestRunner.java:767)
	at org.testng.TestRunner.run(TestRunner.java:617)
	at org.testng.SuiteRunner.runTest(SuiteRunner.java:348)
	at org.testng.SuiteRunner.runSequentially(SuiteRunner.java:343)
	at org.testng.SuiteRunner.privateRun(SuiteRunner.java:305)
	at org.testng.SuiteRunner.run(SuiteRunner.java:254)
	at org.testng.SuiteRunnerWorker.runSuite(SuiteRunnerWorker.java:52)
	at org.testng.SuiteRunnerWorker.run(SuiteRunnerWorker.java:86)
	at org.testng.TestNG.runSuitesSequentially(TestNG.java:1224)
	at org.testng.TestNG.runSuitesLocally(TestNG.java:1149)
	at org.testng.TestNG.run(TestNG.java:1057)
	at org.apache.maven.surefire.testng.TestNGExecutor.run(TestNGExecutor.java:77)
	at org.apache.maven.surefire.testng.TestNGDirectoryTestSuite.executeMulti(TestNGDirectoryTestSuite.java:159)
	at org.apache.maven.surefire.testng.TestNGDirectoryTestSuite.execute(TestNGDirectoryTestSuite.java:99)
	at org.apache.maven.surefire.testng.TestNGProvider.invoke(TestNGProvider.java:106)
	at sun.reflect.NativeMethodAccessorImpl.invoke0(Native Method)
	at sun.reflect.NativeMethodAccessorImpl.invoke(NativeMethodAccessorImpl.java:62)
	at sun.reflect.DelegatingMethodAccessorImpl.invoke(DelegatingMethodAccessorImpl.java:43)
	at java.lang.reflect.Method.invoke(Method.java:498)
	at org.apache.maven.surefire.util.ReflectionUtils.invokeMethodWithArray(ReflectionUtils.java:189)
	at org.apache.maven.surefire.booter.ProviderFactory$ProviderProxy.invoke(ProviderFactory.java:165)
	at org.apache.maven.surefire.booter.ProviderFactory.invokeProvider(ProviderFactory.java:85)
	at org.apache.maven.surefire.booter.ForkedBooter.runSuitesInProcess(ForkedBooter.java:115)
	at org.apache.maven.surefire.booter.ForkedBooter.main(ForkedBooter.java:75)
]]>
            </full-stacktrace>
          </exception> <!-- java.lang.AssertionError -->
          <reporter-output>
          </reporter-output>
        </test-method> <!-- registerFromAuthPage -->
        <test-method status="PASS" signature="takeScreenShotOnFailure(org.testng.ITestResult)[pri:0, instance:com.test.gurukul.GkPagesTest.GkAuthenticationPageTest@396a51ab]" name="takeScreenShotOnFailure" is-config="true" duration-ms="436" started-at="2016-05-11T15:04:47Z" finished-at="2016-05-11T15:04:47Z">
          <params>
            <param index="0">
              <value>
                <![CDATA[[TestResult name=registerFromAuthPage status=FAILURE method=GkAuthenticationPageTest.registerFromAuthPage()[pri:0, instance:com.test.gurukul.GkPagesTest.GkAuthenticationPageTest@396a51ab] output={null}]]]>
              </value>
            </param>
          </params>
          <reporter-output>
          </reporter-output>
        </test-method> <!-- takeScreenShotOnFailure -->
        <test-method status="PASS" signature="setUp()[pri:0, instance:com.test.gurukul.GkPagesTest.GkAuthenticationPageTest@396a51ab]" name="setUp" is-config="true" duration-ms="6319" started-at="2016-05-11T15:04:47Z" finished-at="2016-05-11T15:04:54Z">
          <reporter-output>
          </reporter-output>
        </test-method> <!-- setUp -->
        <test-method status="PASS" signature="mySetup()[pri:0, instance:com.test.gurukul.GkPagesTest.GkAuthenticationPageTest@396a51ab]" name="mySetup" is-config="true" duration-ms="229" started-at="2016-05-11T15:04:54Z" finished-at="2016-05-11T15:04:54Z">
          <reporter-output>
          </reporter-output>
        </test-method> <!-- mySetup -->
        <test-method status="PASS" signature="validUserLogin()[pri:0, instance:com.test.gurukul.GkPagesTest.GkAuthenticationPageTest@396a51ab]" name="validUserLogin" duration-ms="1726" started-at="2016-05-11T15:04:54Z" finished-at="2016-05-11T15:04:56Z">
          <reporter-output>
          </reporter-output>
        </test-method> <!-- validUserLogin -->
        <test-method status="PASS" signature="takeScreenShotOnFailure(org.testng.ITestResult)[pri:0, instance:com.test.gurukul.GkPagesTest.GkAuthenticationPageTest@396a51ab]" name="takeScreenShotOnFailure" is-config="true" duration-ms="255" started-at="2016-05-11T15:04:56Z" finished-at="2016-05-11T15:04:56Z">
          <params>
            <param index="0">
              <value>
                <![CDATA[[TestResult name=validUserLogin status=SUCCESS method=GkAuthenticationPageTest.validUserLogin()[pri:0, instance:com.test.gurukul.GkPagesTest.GkAuthenticationPageTest@396a51ab] output={null}]]]>
              </value>
            </param>
          </params>
          <reporter-output>
          </reporter-output>
        </test-method> <!-- takeScreenShotOnFailure -->
        <test-method status="PASS" signature="myTearDown()[pri:0, instance:com.test.gurukul.GkPagesTest.GkAuthenticationPageTest@396a51ab]" name="myTearDown" is-config="true" duration-ms="1" started-at="2016-05-11T15:04:56Z" finished-at="2016-05-11T15:04:56Z">
          <reporter-output>
          </reporter-output>
        </test-method> <!-- myTearDown -->
        <test-method status="PASS" signature="tearDown()[pri:0, instance:com.test.gurukul.GkPagesTest.GkAuthenticationPageTest@396a51ab]" name="tearDown" is-config="true" duration-ms="1" started-at="2016-05-11T15:05:26Z" finished-at="2016-05-11T15:05:26Z">
          <reporter-output>
          </reporter-output>
        </test-method> <!-- tearDown -->
      </class> <!-- com.test.gurukul.GkPagesTest.GkAuthenticationPageTest -->
      <class name="com.test.gurukul.GkPagesTest.GkLoginPageTest">
        <test-method status="PASS" signature="setUp()[pri:0, instance:com.test.gurukul.GkPagesTest.GkLoginPageTest@20e2cbe0]" name="setUp" is-config="true" duration-ms="7113" started-at="2016-05-11T15:04:56Z" finished-at="2016-05-11T15:05:03Z">
          <reporter-output>
          </reporter-output>
        </test-method> <!-- setUp -->
        <test-method status="PASS" signature="mySetup()[pri:0, instance:com.test.gurukul.GkPagesTest.GkLoginPageTest@20e2cbe0]" name="mySetup" is-config="true" duration-ms="0" started-at="2016-05-11T15:05:03Z" finished-at="2016-05-11T15:05:03Z">
          <reporter-output>
          </reporter-output>
        </test-method> <!-- mySetup -->
        <test-method status="PASS" signature="registerNewAccount()[pri:0, instance:com.test.gurukul.GkPagesTest.GkLoginPageTest@20e2cbe0]" name="registerNewAccount" duration-ms="379" started-at="2016-05-11T15:05:03Z" finished-at="2016-05-11T15:05:03Z">
          <reporter-output>
          </reporter-output>
        </test-method> <!-- registerNewAccount -->
        <test-method status="PASS" signature="takeScreenShotOnFailure(org.testng.ITestResult)[pri:0, instance:com.test.gurukul.GkPagesTest.GkLoginPageTest@20e2cbe0]" name="takeScreenShotOnFailure" is-config="true" duration-ms="388" started-at="2016-05-11T15:05:03Z" finished-at="2016-05-11T15:05:04Z">
          <params>
            <param index="0">
              <value>
                <![CDATA[[TestResult name=registerNewAccount status=SUCCESS method=GkLoginPageTest.registerNewAccount()[pri:0, instance:com.test.gurukul.GkPagesTest.GkLoginPageTest@20e2cbe0] output={null}]]]>
              </value>
            </param>
          </params>
          <reporter-output>
          </reporter-output>
        </test-method> <!-- takeScreenShotOnFailure -->
        <test-method status="PASS" signature="setUp()[pri:0, instance:com.test.gurukul.GkPagesTest.GkLoginPageTest@20e2cbe0]" name="setUp" is-config="true" duration-ms="6749" started-at="2016-05-11T15:05:04Z" finished-at="2016-05-11T15:05:11Z">
          <reporter-output>
          </reporter-output>
        </test-method> <!-- setUp -->
        <test-method status="PASS" signature="testGkLogo()[pri:0, instance:com.test.gurukul.GkPagesTest.GkLoginPageTest@20e2cbe0]" name="testGkLogo" duration-ms="74" started-at="2016-05-11T15:05:11Z" finished-at="2016-05-11T15:05:11Z">
          <reporter-output>
          </reporter-output>
        </test-method> <!-- testGkLogo -->
        <test-method status="PASS" signature="mySetup()[pri:0, instance:com.test.gurukul.GkPagesTest.GkLoginPageTest@20e2cbe0]" name="mySetup" is-config="true" duration-ms="0" started-at="2016-05-11T15:05:11Z" finished-at="2016-05-11T15:05:11Z">
          <reporter-output>
          </reporter-output>
        </test-method> <!-- mySetup -->
        <test-method status="PASS" signature="takeScreenShotOnFailure(org.testng.ITestResult)[pri:0, instance:com.test.gurukul.GkPagesTest.GkLoginPageTest@20e2cbe0]" name="takeScreenShotOnFailure" is-config="true" duration-ms="290" started-at="2016-05-11T15:05:11Z" finished-at="2016-05-11T15:05:11Z">
          <params>
            <param index="0">
              <value>
                <![CDATA[[TestResult name=testGkLogo status=SUCCESS method=GkLoginPageTest.testGkLogo()[pri:0, instance:com.test.gurukul.GkPagesTest.GkLoginPageTest@20e2cbe0] output={null}]]]>
              </value>
            </param>
          </params>
          <reporter-output>
          </reporter-output>
        </test-method> <!-- takeScreenShotOnFailure -->
        <test-method status="PASS" signature="setUp()[pri:0, instance:com.test.gurukul.GkPagesTest.GkLoginPageTest@20e2cbe0]" name="setUp" is-config="true" duration-ms="7021" started-at="2016-05-11T15:05:11Z" finished-at="2016-05-11T15:05:18Z">
          <reporter-output>
          </reporter-output>
        </test-method> <!-- setUp -->
        <test-method status="PASS" signature="mySetup()[pri:0, instance:com.test.gurukul.GkPagesTest.GkLoginPageTest@20e2cbe0]" name="mySetup" is-config="true" duration-ms="1" started-at="2016-05-11T15:05:18Z" finished-at="2016-05-11T15:05:18Z">
          <reporter-output>
          </reporter-output>
        </test-method> <!-- mySetup -->
        <test-method status="PASS" signature="testGkWelcomeMessage()[pri:0, instance:com.test.gurukul.GkPagesTest.GkLoginPageTest@20e2cbe0]" name="testGkWelcomeMessage" duration-ms="77" started-at="2016-05-11T15:05:18Z" finished-at="2016-05-11T15:05:18Z">
          <reporter-output>
          </reporter-output>
        </test-method> <!-- testGkWelcomeMessage -->
        <test-method status="PASS" signature="takeScreenShotOnFailure(org.testng.ITestResult)[pri:0, instance:com.test.gurukul.GkPagesTest.GkLoginPageTest@20e2cbe0]" name="takeScreenShotOnFailure" is-config="true" duration-ms="336" started-at="2016-05-11T15:05:18Z" finished-at="2016-05-11T15:05:18Z">
          <params>
            <param index="0">
              <value>
                <![CDATA[[TestResult name=testGkWelcomeMessage status=SUCCESS method=GkLoginPageTest.testGkWelcomeMessage()[pri:0, instance:com.test.gurukul.GkPagesTest.GkLoginPageTest@20e2cbe0] output={null}]]]>
              </value>
            </param>
          </params>
          <reporter-output>
          </reporter-output>
        </test-method> <!-- takeScreenShotOnFailure -->
        <test-method status="PASS" signature="setUp()[pri:0, instance:com.test.gurukul.GkPagesTest.GkLoginPageTest@20e2cbe0]" name="setUp" is-config="true" duration-ms="6986" started-at="2016-05-11T15:05:18Z" finished-at="2016-05-11T15:05:25Z">
          <reporter-output>
          </reporter-output>
        </test-method> <!-- setUp -->
        <test-method status="PASS" signature="mySetup()[pri:0, instance:com.test.gurukul.GkPagesTest.GkLoginPageTest@20e2cbe0]" name="mySetup" is-config="true" duration-ms="0" started-at="2016-05-11T15:05:25Z" finished-at="2016-05-11T15:05:25Z">
          <reporter-output>
          </reporter-output>
        </test-method> <!-- mySetup -->
        <test-method status="PASS" signature="testLoginLink()[pri:0, instance:com.test.gurukul.GkPagesTest.GkLoginPageTest@20e2cbe0]" name="testLoginLink" duration-ms="364" started-at="2016-05-11T15:05:25Z" finished-at="2016-05-11T15:05:26Z">
          <reporter-output>
          </reporter-output>
        </test-method> <!-- testLoginLink -->
        <test-method status="PASS" signature="takeScreenShotOnFailure(org.testng.ITestResult)[pri:0, instance:com.test.gurukul.GkPagesTest.GkLoginPageTest@20e2cbe0]" name="takeScreenShotOnFailure" is-config="true" duration-ms="247" started-at="2016-05-11T15:05:26Z" finished-at="2016-05-11T15:05:26Z">
          <params>
            <param index="0">
              <value>
                <![CDATA[[TestResult name=testLoginLink status=SUCCESS method=GkLoginPageTest.testLoginLink()[pri:0, instance:com.test.gurukul.GkPagesTest.GkLoginPageTest@20e2cbe0] output={null}]]]>
              </value>
            </param>
          </params>
          <reporter-output>
          </reporter-output>
        </test-method> <!-- takeScreenShotOnFailure -->
        <test-method status="PASS" signature="myTearDown()[pri:0, instance:com.test.gurukul.GkPagesTest.GkLoginPageTest@20e2cbe0]" name="myTearDown" is-config="true" duration-ms="1" started-at="2016-05-11T15:05:26Z" finished-at="2016-05-11T15:05:26Z">
          <reporter-output>
          </reporter-output>
        </test-method> <!-- myTearDown -->
      </class> <!-- com.test.gurukul.GkPagesTest.GkLoginPageTest -->
    </test> <!-- Command line test -->
  </suite> <!-- Command line suite -->
</testng-results>
